This is pdfTeX, Version 3.14159265-2.6-1.40.20 (MiKTeX 2.9.7050 64-bit) (preloaded format=pdflatex 2019.6.24)  19 SEP 2019 16:35
entering extended mode
**"./model ruchu.tex"
("model ruchu.tex"
LaTeX2e <2018-12-01>
("C:\Program Files\MiKTeX 2.9\tex/latex/base\book.cls"
Document Class: book 2018/09/03 v1.4i Standard LaTeX document class
("C:\Program Files\MiKTeX 2.9\tex/latex/base\bk12.clo"
File: bk12.clo 2018/09/03 v1.4i Standard LaTeX file (size option)
)
\c@part=\count80
\c@chapter=\count81
\c@section=\count82
\c@subsection=\count83
\c@subsubsection=\count84
\c@paragraph=\count85
\c@subparagraph=\count86
\c@figure=\count87
\c@table=\count88
\abovecaptionskip=\skip41
\belowcaptionskip=\skip42
\bibindent=\dimen102
)
("C:\Program Files\MiKTeX 2.9\tex/latex/booktabs\booktabs.sty"
Package: booktabs 2005/04/14 v1.61803 publication quality tables
\heavyrulewidth=\dimen103
\lightrulewidth=\dimen104
\cmidrulewidth=\dimen105
\belowrulesep=\dimen106
\belowbottomsep=\dimen107
\aboverulesep=\dimen108
\abovetopsep=\dimen109
\cmidrulesep=\dimen110
\cmidrulekern=\dimen111
\defaultaddspace=\dimen112
\@cmidla=\count89
\@cmidlb=\count90
\@aboverulesep=\dimen113
\@belowrulesep=\dimen114
\@thisruleclass=\count91
\@lastruleclass=\count92
\@thisrulewidth=\dimen115
)
("C:\Program Files\MiKTeX 2.9\tex/latex/xcolor\xcolor.sty"
Package: xcolor 2016/05/11 v2.12 LaTeX color extensions (UK)

("C:\Program Files\MiKTeX 2.9\tex/latex/graphics-cfg\color.cfg"
File: color.cfg 2016/01/02 v1.6 sample color configuration
)
Package xcolor Info: Driver file: pdftex.def on input line 225.

("C:\Program Files\MiKTeX 2.9\tex/latex/graphics-def\pdftex.def"
File: pdftex.def 2018/01/08 v1.0l Graphics/color driver for pdftex
)
("C:\Program Files\MiKTeX 2.9\tex/latex/colortbl\colortbl.sty"
Package: colortbl 2018/12/12 v1.0d Color table columns (DPC)

("C:\Program Files\MiKTeX 2.9\tex/latex/tools\array.sty"
Package: array 2018/12/30 v2.4k Tabular extension package (FMi)
\col@sep=\dimen116
\ar@mcellbox=\box27
\extrarowheight=\dimen117
\NC@list=\toks14
\extratabsurround=\skip43
\backup@length=\skip44
\ar@cellbox=\box28
)
\everycr=\toks15
\minrowclearance=\skip45
)
\rownum=\count93
Package xcolor Info: Model `cmy' substituted by `cmy0' on input line 1348.
Package xcolor Info: Model `hsb' substituted by `rgb' on input line 1352.
Package xcolor Info: Model `RGB' extended on input line 1364.
Package xcolor Info: Model `HTML' substituted by `rgb' on input line 1366.
Package xcolor Info: Model `Hsb' substituted by `hsb' on input line 1367.
Package xcolor Info: Model `tHsb' substituted by `hsb' on input line 1368.
Package xcolor Info: Model `HSB' substituted by `hsb' on input line 1369.
Package xcolor Info: Model `Gray' substituted by `gray' on input line 1370.
Package xcolor Info: Model `wave' substituted by `hsb' on input line 1371.
)
("C:\Program Files\MiKTeX 2.9\tex/latex/tcolorbox\tcolorbox.sty"
Package: tcolorbox 2019/03/02 version 4.20 text color boxes

("C:\Program Files\MiKTeX 2.9\tex/latex/pgf/basiclayer\pgf.sty"
("C:\Program Files\MiKTeX 2.9\tex/latex/pgf/utilities\pgfrcs.sty"
("C:\Program Files\MiKTeX 2.9\tex/generic/pgf/utilities\pgfutil-common.tex"
\pgfutil@everybye=\toks16
\pgfutil@tempdima=\dimen118
\pgfutil@tempdimb=\dimen119

("C:\Program Files\MiKTeX 2.9\tex/generic/pgf/utilities\pgfutil-common-lists.te
x")) ("C:\Program Files\MiKTeX 2.9\tex/generic/pgf/utilities\pgfutil-latex.def"
\pgfutil@abb=\box29
("C:\Program Files\MiKTeX 2.9\tex/latex/ms\everyshi.sty"
Package: everyshi 2001/05/15 v3.00 EveryShipout Package (MS)
))
("C:\Program Files\MiKTeX 2.9\tex/generic/pgf/utilities\pgfrcs.code.tex"
("C:\Program Files\MiKTeX 2.9\tex/generic/pgf\pgf.revision.tex")
Package: pgfrcs 2019/05/09 v3.1.3 (3.1.3)
))
Package: pgf 2019/05/09 v3.1.3 (3.1.3)

("C:\Program Files\MiKTeX 2.9\tex/latex/pgf/basiclayer\pgfcore.sty"
("C:\Program Files\MiKTeX 2.9\tex/latex/graphics\graphicx.sty"
Package: graphicx 2017/06/01 v1.1a Enhanced LaTeX Graphics (DPC,SPQR)

("C:\Program Files\MiKTeX 2.9\tex/latex/graphics\keyval.sty"
Package: keyval 2014/10/28 v1.15 key=value parser (DPC)
\KV@toks@=\toks17
)
("C:\Program Files\MiKTeX 2.9\tex/latex/graphics\graphics.sty"
Package: graphics 2017/06/25 v1.2c Standard LaTeX Graphics (DPC,SPQR)

("C:\Program Files\MiKTeX 2.9\tex/latex/graphics\trig.sty"
Package: trig 2016/01/03 v1.10 sin cos tan (DPC)
)
("C:\Program Files\MiKTeX 2.9\tex/latex/graphics-cfg\graphics.cfg"
File: graphics.cfg 2016/06/04 v1.11 sample graphics configuration
)
Package graphics Info: Driver file: pdftex.def on input line 99.
)
\Gin@req@height=\dimen120
\Gin@req@width=\dimen121
)
("C:\Program Files\MiKTeX 2.9\tex/latex/pgf/systemlayer\pgfsys.sty"
("C:\Program Files\MiKTeX 2.9\tex/generic/pgf/systemlayer\pgfsys.code.tex"
Package: pgfsys 2019/05/09 v3.1.3 (3.1.3)

("C:\Program Files\MiKTeX 2.9\tex/generic/pgf/utilities\pgfkeys.code.tex"
\pgfkeys@pathtoks=\toks18
\pgfkeys@temptoks=\toks19

("C:\Program Files\MiKTeX 2.9\tex/generic/pgf/utilities\pgfkeysfiltered.code.te
x"
\pgfkeys@tmptoks=\toks20
))
\pgf@x=\dimen122
\pgf@y=\dimen123
\pgf@xa=\dimen124
\pgf@ya=\dimen125
\pgf@xb=\dimen126
\pgf@yb=\dimen127
\pgf@xc=\dimen128
\pgf@yc=\dimen129
\pgf@xd=\dimen130
\pgf@yd=\dimen131
\w@pgf@writea=\write3
\r@pgf@reada=\read1
\c@pgf@counta=\count94
\c@pgf@countb=\count95
\c@pgf@countc=\count96
\c@pgf@countd=\count97
\t@pgf@toka=\toks21
\t@pgf@tokb=\toks22
\t@pgf@tokc=\toks23
\pgf@sys@id@count=\count98
 ("C:\Program Files\MiKTeX 2.9\tex/generic/pgf/systemlayer\pgf.cfg"
File: pgf.cfg 2019/05/09 v3.1.3 (3.1.3)
)
Driver file for pgf: pgfsys-pdftex.def

("C:\Program Files\MiKTeX 2.9\tex/generic/pgf/systemlayer\pgfsys-pdftex.def"
File: pgfsys-pdftex.def 2019/05/09 v3.1.3 (3.1.3)

("C:\Program Files\MiKTeX 2.9\tex/generic/pgf/systemlayer\pgfsys-common-pdf.def
"
File: pgfsys-common-pdf.def 2019/05/09 v3.1.3 (3.1.3)
)))
("C:\Program Files\MiKTeX 2.9\tex/generic/pgf/systemlayer\pgfsyssoftpath.code.t
ex"
File: pgfsyssoftpath.code.tex 2019/05/09 v3.1.3 (3.1.3)
\pgfsyssoftpath@smallbuffer@items=\count99
\pgfsyssoftpath@bigbuffer@items=\count100
)
("C:\Program Files\MiKTeX 2.9\tex/generic/pgf/systemlayer\pgfsysprotocol.code.t
ex"
File: pgfsysprotocol.code.tex 2019/05/09 v3.1.3 (3.1.3)
)) ("C:\Program Files\MiKTeX 2.9\tex/generic/pgf/basiclayer\pgfcore.code.tex"
Package: pgfcore 2019/05/09 v3.1.3 (3.1.3)
 ("C:\Program Files\MiKTeX 2.9\tex/generic/pgf/math\pgfmath.code.tex"
("C:\Program Files\MiKTeX 2.9\tex/generic/pgf/math\pgfmathcalc.code.tex"
("C:\Program Files\MiKTeX 2.9\tex/generic/pgf/math\pgfmathutil.code.tex")
("C:\Program Files\MiKTeX 2.9\tex/generic/pgf/math\pgfmathparser.code.tex"
\pgfmath@dimen=\dimen132
\pgfmath@count=\count101
\pgfmath@box=\box30
\pgfmath@toks=\toks24
\pgfmath@stack@operand=\toks25
\pgfmath@stack@operation=\toks26
)
("C:\Program Files\MiKTeX 2.9\tex/generic/pgf/math\pgfmathfunctions.code.tex"
("C:\Program Files\MiKTeX 2.9\tex/generic/pgf/math\pgfmathfunctions.basic.code.
tex")
("C:\Program Files\MiKTeX 2.9\tex/generic/pgf/math\pgfmathfunctions.trigonometr
ic.code.tex")
("C:\Program Files\MiKTeX 2.9\tex/generic/pgf/math\pgfmathfunctions.random.code
.tex")
("C:\Program Files\MiKTeX 2.9\tex/generic/pgf/math\pgfmathfunctions.comparison.
code.tex")
("C:\Program Files\MiKTeX 2.9\tex/generic/pgf/math\pgfmathfunctions.base.code.t
ex")
("C:\Program Files\MiKTeX 2.9\tex/generic/pgf/math\pgfmathfunctions.round.code.
tex")
("C:\Program Files\MiKTeX 2.9\tex/generic/pgf/math\pgfmathfunctions.misc.code.t
ex")
("C:\Program Files\MiKTeX 2.9\tex/generic/pgf/math\pgfmathfunctions.integerarit
hmetics.code.tex")))
("C:\Program Files\MiKTeX 2.9\tex/generic/pgf/math\pgfmathfloat.code.tex"
\c@pgfmathroundto@lastzeros=\count102
))
("C:\Program Files\MiKTeX 2.9\tex/generic/pgf/math\pgfint.code.tex")
("C:\Program Files\MiKTeX 2.9\tex/generic/pgf/basiclayer\pgfcorepoints.code.tex
"
File: pgfcorepoints.code.tex 2019/05/09 v3.1.3 (3.1.3)
\pgf@picminx=\dimen133
\pgf@picmaxx=\dimen134
\pgf@picminy=\dimen135
\pgf@picmaxy=\dimen136
\pgf@pathminx=\dimen137
\pgf@pathmaxx=\dimen138
\pgf@pathminy=\dimen139
\pgf@pathmaxy=\dimen140
\pgf@xx=\dimen141
\pgf@xy=\dimen142
\pgf@yx=\dimen143
\pgf@yy=\dimen144
\pgf@zx=\dimen145
\pgf@zy=\dimen146
)
("C:\Program Files\MiKTeX 2.9\tex/generic/pgf/basiclayer\pgfcorepathconstruct.c
ode.tex"
File: pgfcorepathconstruct.code.tex 2019/05/09 v3.1.3 (3.1.3)
\pgf@path@lastx=\dimen147
\pgf@path@lasty=\dimen148
)
("C:\Program Files\MiKTeX 2.9\tex/generic/pgf/basiclayer\pgfcorepathusage.code.
tex"
File: pgfcorepathusage.code.tex 2019/05/09 v3.1.3 (3.1.3)
\pgf@shorten@end@additional=\dimen149
\pgf@shorten@start@additional=\dimen150
)
("C:\Program Files\MiKTeX 2.9\tex/generic/pgf/basiclayer\pgfcorescopes.code.tex
"
File: pgfcorescopes.code.tex 2019/05/09 v3.1.3 (3.1.3)
\pgfpic=\box31
\pgf@hbox=\box32
\pgf@layerbox@main=\box33
\pgf@picture@serial@count=\count103
)
("C:\Program Files\MiKTeX 2.9\tex/generic/pgf/basiclayer\pgfcoregraphicstate.co
de.tex"
File: pgfcoregraphicstate.code.tex 2019/05/09 v3.1.3 (3.1.3)
\pgflinewidth=\dimen151
)
("C:\Program Files\MiKTeX 2.9\tex/generic/pgf/basiclayer\pgfcoretransformations
.code.tex"
File: pgfcoretransformations.code.tex 2019/05/09 v3.1.3 (3.1.3)
\pgf@pt@x=\dimen152
\pgf@pt@y=\dimen153
\pgf@pt@temp=\dimen154
)
("C:\Program Files\MiKTeX 2.9\tex/generic/pgf/basiclayer\pgfcorequick.code.tex"
File: pgfcorequick.code.tex 2019/05/09 v3.1.3 (3.1.3)
)
("C:\Program Files\MiKTeX 2.9\tex/generic/pgf/basiclayer\pgfcoreobjects.code.te
x"
File: pgfcoreobjects.code.tex 2019/05/09 v3.1.3 (3.1.3)
)
("C:\Program Files\MiKTeX 2.9\tex/generic/pgf/basiclayer\pgfcorepathprocessing.
code.tex"
File: pgfcorepathprocessing.code.tex 2019/05/09 v3.1.3 (3.1.3)
)
("C:\Program Files\MiKTeX 2.9\tex/generic/pgf/basiclayer\pgfcorearrows.code.tex
"
File: pgfcorearrows.code.tex 2019/05/09 v3.1.3 (3.1.3)
\pgfarrowsep=\dimen155
)
("C:\Program Files\MiKTeX 2.9\tex/generic/pgf/basiclayer\pgfcoreshade.code.tex"
File: pgfcoreshade.code.tex 2019/05/09 v3.1.3 (3.1.3)
\pgf@max=\dimen156
\pgf@sys@shading@range@num=\count104
\pgf@shadingcount=\count105
) ("C:\Program Files\MiKTeX 2.9\tex/generic/pgf/basiclayer\pgfcoreimage.code.te
x"
File: pgfcoreimage.code.tex 2019/05/09 v3.1.3 (3.1.3)

("C:\Program Files\MiKTeX 2.9\tex/generic/pgf/basiclayer\pgfcoreexternal.code.t
ex"
File: pgfcoreexternal.code.tex 2019/05/09 v3.1.3 (3.1.3)
\pgfexternal@startupbox=\box34
))
("C:\Program Files\MiKTeX 2.9\tex/generic/pgf/basiclayer\pgfcorelayers.code.tex
"
File: pgfcorelayers.code.tex 2019/05/09 v3.1.3 (3.1.3)
)
("C:\Program Files\MiKTeX 2.9\tex/generic/pgf/basiclayer\pgfcoretransparency.co
de.tex"
File: pgfcoretransparency.code.tex 2019/05/09 v3.1.3 (3.1.3)
)
("C:\Program Files\MiKTeX 2.9\tex/generic/pgf/basiclayer\pgfcorepatterns.code.t
ex"
File: pgfcorepatterns.code.tex 2019/05/09 v3.1.3 (3.1.3)
)
("C:\Program Files\MiKTeX 2.9\tex/generic/pgf/basiclayer\pgfcorerdf.code.tex"
File: pgfcorerdf.code.tex 2019/05/09 v3.1.3 (3.1.3)
))) ("C:\Program Files\MiKTeX 2.9\tex/generic/pgf/modules\pgfmoduleshapes.code.
tex"
File: pgfmoduleshapes.code.tex 2019/05/09 v3.1.3 (3.1.3)
\pgfnodeparttextbox=\box35
) ("C:\Program Files\MiKTeX 2.9\tex/generic/pgf/modules\pgfmoduleplot.code.tex"
File: pgfmoduleplot.code.tex 2019/05/09 v3.1.3 (3.1.3)
)
("C:\Program Files\MiKTeX 2.9\tex/latex/pgf/compatibility\pgfcomp-version-0-65.
sty"
Package: pgfcomp-version-0-65 2019/05/09 v3.1.3 (3.1.3)
\pgf@nodesepstart=\dimen157
\pgf@nodesepend=\dimen158
)
("C:\Program Files\MiKTeX 2.9\tex/latex/pgf/compatibility\pgfcomp-version-1-18.
sty"
Package: pgfcomp-version-1-18 2019/05/09 v3.1.3 (3.1.3)
)) ("C:\Program Files\MiKTeX 2.9\tex/latex/tools\verbatim.sty"
Package: verbatim 2014/10/28 v1.5q LaTeX2e package for verbatim enhancements
\every@verbatim=\toks27
\verbatim@line=\toks28
\verbatim@in@stream=\read2
)
("C:\Program Files\MiKTeX 2.9\tex/latex/environ\environ.sty"
Package: environ 2014/05/04 v0.3 A new way to define environments

("C:\Program Files\MiKTeX 2.9\tex/latex/trimspaces\trimspaces.sty"
Package: trimspaces 2009/09/17 v1.1 Trim spaces around a token list
)
\@envbody=\toks29
)
("C:\Program Files\MiKTeX 2.9\tex/latex/etoolbox\etoolbox.sty"
Package: etoolbox 2018/08/19 v2.5f e-TeX tools for LaTeX (JAW)
\etb@tempcnta=\count106
)
\tcb@titlebox=\box36
\tcb@upperbox=\box37
\tcb@lowerbox=\box38
\tcb@phantombox=\box39
\c@tcbbreakpart=\count107
\c@tcblayer=\count108
\tcolorbox@number=\count109
\tcb@temp=\box40
\tcb@temp=\box41
\tcb@temp=\box42
\tcb@temp=\box43
\tcb@out=\write4
\tcb@record@out=\write5
)
("C:\Program Files\MiKTeX 2.9\tex/latex/base\fontenc.sty"
Package: fontenc 2018/08/11 v2.0j Standard LaTeX package

("C:\Program Files\MiKTeX 2.9\tex/latex/base\t1enc.def"
File: t1enc.def 2018/08/11 v2.0j Standard LaTeX file
LaTeX Font Info:    Redeclaring font encoding T1 on input line 48.
))
("C:\Program Files\MiKTeX 2.9\tex/latex/wrapfig\wrapfig.sty"
\wrapoverhang=\dimen159
\WF@size=\dimen160
\c@WF@wrappedlines=\count110
\WF@box=\box44
\WF@everypar=\toks30
Package: wrapfig 2003/01/31  v 3.6
)
("C:\Program Files\MiKTeX 2.9\tex/latex/url\url.sty"
\Urlmuskip=\muskip10
Package: url 2013/09/16  ver 3.4  Verb mode for urls, etc.
)
("C:\Program Files\MiKTeX 2.9\tex/latex/doublestroke\dsfont.sty"
Package: dsfont 1995/08/01 v0.1 Double stroke roman fonts
)
("C:\Program Files\MiKTeX 2.9\tex/latex/enumitem\enumitem.sty"
Package: enumitem 2019/02/04 v3.8 Customized lists
\labelindent=\skip46
\enit@outerparindent=\dimen161
\enit@toks=\toks31
\enit@inbox=\box45
\enit@count@id=\count111
\enitdp@description=\count112
)
("C:\Program Files\MiKTeX 2.9\tex/latex/multirow\multirow.sty"
Package: multirow 2019/05/31 v2.5 Span multiple rows of a table
\multirow@colwidth=\skip47
\multirow@cntb=\count113
\multirow@dima=\skip48
\bigstrutjot=\dimen162
)
("C:\Program Files\MiKTeX 2.9\tex/latex/mathtools\mathtools.sty"
Package: mathtools 2018/01/08 v1.21 mathematical typesetting tools

("C:\Program Files\MiKTeX 2.9\tex/latex/tools\calc.sty"
Package: calc 2017/05/25 v4.3 Infix arithmetic (KKT,FJ)
\calc@Acount=\count114
\calc@Bcount=\count115
\calc@Adimen=\dimen163
\calc@Bdimen=\dimen164
\calc@Askip=\skip49
\calc@Bskip=\skip50
LaTeX Info: Redefining \setlength on input line 80.
LaTeX Info: Redefining \addtolength on input line 81.
\calc@Ccount=\count116
\calc@Cskip=\skip51
)
("C:\Program Files\MiKTeX 2.9\tex/latex/mathtools\mhsetup.sty"
Package: mhsetup 2017/03/31 v1.3 programming setup (MH)
)
("C:\Program Files\MiKTeX 2.9\tex/latex/amsmath\amsmath.sty"
Package: amsmath 2018/12/01 v2.17b AMS math features
\@mathmargin=\skip52

For additional information on amsmath, use the `?' option.
("C:\Program Files\MiKTeX 2.9\tex/latex/amsmath\amstext.sty"
Package: amstext 2000/06/29 v2.01 AMS text

("C:\Program Files\MiKTeX 2.9\tex/latex/amsmath\amsgen.sty"
File: amsgen.sty 1999/11/30 v2.0 generic functions
\@emptytoks=\toks32
\ex@=\dimen165
))
("C:\Program Files\MiKTeX 2.9\tex/latex/amsmath\amsbsy.sty"
Package: amsbsy 1999/11/29 v1.2d Bold Symbols
\pmbraise@=\dimen166
)
("C:\Program Files\MiKTeX 2.9\tex/latex/amsmath\amsopn.sty"
Package: amsopn 2016/03/08 v2.02 operator names
)
\inf@bad=\count117
LaTeX Info: Redefining \frac on input line 223.
\uproot@=\count118
\leftroot@=\count119
LaTeX Info: Redefining \overline on input line 385.
\classnum@=\count120
\DOTSCASE@=\count121
LaTeX Info: Redefining \ldots on input line 482.
LaTeX Info: Redefining \dots on input line 485.
LaTeX Info: Redefining \cdots on input line 606.
\Mathstrutbox@=\box46
\strutbox@=\box47
\big@size=\dimen167
LaTeX Font Info:    Redeclaring font encoding OML on input line 729.
LaTeX Font Info:    Redeclaring font encoding OMS on input line 730.
\macc@depth=\count122
\c@MaxMatrixCols=\count123
\dotsspace@=\muskip11
\c@parentequation=\count124
\dspbrk@lvl=\count125
\tag@help=\toks33
\row@=\count126
\column@=\count127
\maxfields@=\count128
\andhelp@=\toks34
\eqnshift@=\dimen168
\alignsep@=\dimen169
\tagshift@=\dimen170
\tagwidth@=\dimen171
\totwidth@=\dimen172
\lineht@=\dimen173
\@envbody=\toks35
\multlinegap=\skip53
\multlinetaggap=\skip54
\mathdisplay@stack=\toks36
LaTeX Info: Redefining \[ on input line 2844.
LaTeX Info: Redefining \] on input line 2845.
)
LaTeX Info: Thecontrolsequence`\('isalreadyrobust on input line 129.
LaTeX Info: Thecontrolsequence`\)'isalreadyrobust on input line 129.
LaTeX Info: Thecontrolsequence`\['isalreadyrobust on input line 129.
LaTeX Info: Thecontrolsequence`\]'isalreadyrobust on input line 129.
\g_MT_multlinerow_int=\count129
\l_MT_multwidth_dim=\dimen174
\origjot=\skip55
\l_MT_shortvdotswithinadjustabove_dim=\dimen175
\l_MT_shortvdotswithinadjustbelow_dim=\dimen176
\l_MT_above_intertext_sep=\dimen177
\l_MT_below_intertext_sep=\dimen178
\l_MT_above_shortintertext_sep=\dimen179
\l_MT_below_shortintertext_sep=\dimen180
)
("C:\Program Files\MiKTeX 2.9\tex/latex/ncctools\nccmath.sty"
Package: nccmath 2006/01/20 v1.3 Additional Math Commands (NCC)
\NCC@fracrulewidth=\dimen181
)
("C:\Program Files\MiKTeX 2.9\tex/generic/babel\babel.sty"
Package: babel 2019/06/03 3.32 The Babel package

("C:\Program Files\MiKTeX 2.9\tex/generic/babel\switch.def"
File: switch.def 2019/06/03 3.32 Babel switching mechanism
)
*************************************
* Local config file bblopts.cfg used
*
("C:\Program Files\MiKTeX 2.9\tex/latex/arabi\bblopts.cfg"
File: bblopts.cfg 2005/09/08 v0.1 add Arabic and Farsi to "declared" options of
 babel
)
("C:\Program Files\MiKTeX 2.9\tex/latex/babel-polish\polish.ldf"
Language: polish 2005/03/31 v1.2l Polish support from the babel system

("C:\Program Files\MiKTeX 2.9\tex/generic/babel\babel.def"
File: babel.def 2019/06/03 3.32 Babel common definitions
\babel@savecnt=\count130
\U@D=\dimen182

("C:\Program Files\MiKTeX 2.9\tex/generic/babel\txtbabel.def")
\bbl@dirlevel=\count131
)
Package babel Info: Making " an active character on input line 83.
\pl@left=\dimen183
\pl@down=\dimen184
\pl@right=\dimen185
\pl@temp=\dimen186
))
("C:\Program Files\MiKTeX 2.9\tex/latex/base\inputenc.sty"
Package: inputenc 2018/08/11 v1.3c Input encoding file
\inpenc@prehook=\toks37
\inpenc@posthook=\toks38
)
("C:\Program Files\MiKTeX 2.9\tex/latex/lm\lmodern.sty"
Package: lmodern 2009/10/30 v1.6 Latin Modern Fonts
LaTeX Font Info:    Overwriting symbol font `operators' in version `normal'
(Font)                  OT1/cmr/m/n --> OT1/lmr/m/n on input line 22.
LaTeX Font Info:    Overwriting symbol font `letters' in version `normal'
(Font)                  OML/cmm/m/it --> OML/lmm/m/it on input line 23.
LaTeX Font Info:    Overwriting symbol font `symbols' in version `normal'
(Font)                  OMS/cmsy/m/n --> OMS/lmsy/m/n on input line 24.
LaTeX Font Info:    Overwriting symbol font `largesymbols' in version `normal'
(Font)                  OMX/cmex/m/n --> OMX/lmex/m/n on input line 25.
LaTeX Font Info:    Overwriting symbol font `operators' in version `bold'
(Font)                  OT1/cmr/bx/n --> OT1/lmr/bx/n on input line 26.
LaTeX Font Info:    Overwriting symbol font `letters' in version `bold'
(Font)                  OML/cmm/b/it --> OML/lmm/b/it on input line 27.
LaTeX Font Info:    Overwriting symbol font `symbols' in version `bold'
(Font)                  OMS/cmsy/b/n --> OMS/lmsy/b/n on input line 28.
LaTeX Font Info:    Overwriting symbol font `largesymbols' in version `bold'
(Font)                  OMX/cmex/m/n --> OMX/lmex/m/n on input line 29.
LaTeX Font Info:    Overwriting math alphabet `\mathbf' in version `normal'
(Font)                  OT1/cmr/bx/n --> OT1/lmr/bx/n on input line 31.
LaTeX Font Info:    Overwriting math alphabet `\mathsf' in version `normal'
(Font)                  OT1/cmss/m/n --> OT1/lmss/m/n on input line 32.
LaTeX Font Info:    Overwriting math alphabet `\mathit' in version `normal'
(Font)                  OT1/cmr/m/it --> OT1/lmr/m/it on input line 33.
LaTeX Font Info:    Overwriting math alphabet `\mathtt' in version `normal'
(Font)                  OT1/cmtt/m/n --> OT1/lmtt/m/n on input line 34.
LaTeX Font Info:    Overwriting math alphabet `\mathbf' in version `bold'
(Font)                  OT1/cmr/bx/n --> OT1/lmr/bx/n on input line 35.
LaTeX Font Info:    Overwriting math alphabet `\mathsf' in version `bold'
(Font)                  OT1/cmss/bx/n --> OT1/lmss/bx/n on input line 36.
LaTeX Font Info:    Overwriting math alphabet `\mathit' in version `bold'
(Font)                  OT1/cmr/bx/it --> OT1/lmr/bx/it on input line 37.
LaTeX Font Info:    Overwriting math alphabet `\mathtt' in version `bold'
(Font)                  OT1/cmtt/m/n --> OT1/lmtt/m/n on input line 38.
)
("C:\Program Files\MiKTeX 2.9\tex/latex/psnfss\pifont.sty"
Package: pifont 2005/04/12 PSNFSS-v9.2a Pi font support (SPQR) 
LaTeX Font Info:    Try loading font information for U+pzd on input line 63.

("C:\Program Files\MiKTeX 2.9\tex/latex/psnfss\upzd.fd"
File: upzd.fd 2001/06/04 font definitions for U/pzd.
)
LaTeX Font Info:    Try loading font information for U+psy on input line 64.

("C:\Program Files\MiKTeX 2.9\tex/latex/psnfss\upsy.fd"
File: upsy.fd 2001/06/04 font definitions for U/psy.
))
("C:\Program Files\MiKTeX 2.9\tex/latex/blkarray\blkarray.sty"
Package: blkarray 2015/02/27 v0.07 Block array (dpc)
\c@BAenumi=\count132
\BA@col=\count133
\BA@block@cnt=\count134
\BA@final@box=\box48
\BA@first@box=\box49
\BA@colsep=\dimen187
\BA@ftn=\toks39
\BAextrarowheight=\dimen188
\BAextraheightafterhline=\dimen189
\BAarrayrulewidth=\dimen190
\BAdoublerulesep=\dimen191
\BAfootskip=\dimen192
\BA@dashbox=\box50
\BA@ddashbox=\box51
)
("C:\Program Files\MiKTeX 2.9\tex/latex/multirow\bigstrut.sty"
Package: bigstrut 2019/05/31 v2.5 Provide larger struts in tabulars
)
("C:\Program Files\MiKTeX 2.9\tex/generic/genmisc\kbordermatrix.sty"
Package: kbordermatrix 2011/09/21 Bordered matrix with brackets
\kbcolsep=\skip56
\kbrowsep=\skip57
\br@kwd=\skip58
\k@bordht=\skip59
)
("C:\Program Files\MiKTeX 2.9\tex/latex/cases\cases.sty"
Package: cases 2002/05/02 ver 2.5 
)
("C:\Program Files\MiKTeX 2.9\tex/latex/cellspace\cellspace.sty"
Package: cellspace 2019/03/11 v1.8.1 Spacing table cells (JN)

("C:\Program Files\MiKTeX 2.9\tex/latex/base\ifthen.sty"
Package: ifthen 2014/09/29 v1.1c Standard LaTeX ifthen package (DPC)
)
("C:\Program Files\MiKTeX 2.9\tex/latex/xkeyval\xkeyval.sty"
Package: xkeyval 2014/12/03 v2.7a package option processing (HA)

("C:\Program Files\MiKTeX 2.9\tex/generic/xkeyval\xkeyval.tex"
("C:\Program Files\MiKTeX 2.9\tex/generic/xkeyval\xkvutils.tex"
\XKV@toks=\toks40
\XKV@tempa@toks=\toks41
)
\XKV@depth=\count135
File: xkeyval.tex 2014/12/03 v2.7a key=value parser (HA)
))
\cellspacetoplimit=\dimen193
\cellspacebottomlimit=\dimen194
\cellspace@firstht=\dimen195
\cellspace@lastdp=\dimen196
)
("C:\Program Files\MiKTeX 2.9\tex/latex/base\fontenc.sty"
Package: fontenc 2018/08/11 v2.0j Standard LaTeX package

("C:\Program Files\MiKTeX 2.9\tex/latex/base\t1enc.def"
File: t1enc.def 2018/08/11 v2.0j Standard LaTeX file
LaTeX Font Info:    Redeclaring font encoding T1 on input line 48.
))
("C:\Program Files\MiKTeX 2.9\tex/latex/amscls\amsthm.sty"
Package: amsthm 2017/10/31 v2.20.4
\thm@style=\toks42
\thm@bodyfont=\toks43
\thm@headfont=\toks44
\thm@notefont=\toks45
\thm@headpunct=\toks46
\thm@preskip=\skip60
\thm@postskip=\skip61
\thm@headsep=\skip62
\dth@everypar=\toks47
)
("C:\Program Files\MiKTeX 2.9\tex/latex/float\float.sty"
Package: float 2001/11/08 v1.3d Float enhancements (AL)
\c@float@type=\count136
\float@exts=\toks48
\float@box=\box52
\@float@everytoks=\toks49
\@floatcapt=\box53
)
("C:\Program Files\MiKTeX 2.9\tex/latex/cite\cite.sty"
LaTeX Info: Redefining \cite on input line 302.
LaTeX Info: Redefining \nocite on input line 332.
Package: cite 2015/02/27  v 5.5
)
("C:\Program Files\MiKTeX 2.9\tex/latex/geometry\geometry.sty"
Package: geometry 2018/04/16 v5.8 Page Geometry

("C:\Program Files\MiKTeX 2.9\tex/generic/oberdiek\ifpdf.sty"
Package: ifpdf 2018/09/07 v3.3 Provides the ifpdf switch
)
("C:\Program Files\MiKTeX 2.9\tex/generic/oberdiek\ifvtex.sty"
Package: ifvtex 2016/05/16 v1.6 Detect VTeX and its facilities (HO)
Package ifvtex Info: VTeX not detected.
)
("C:\Program Files\MiKTeX 2.9\tex/generic/ifxetex\ifxetex.sty"
Package: ifxetex 2010/09/12 v0.6 Provides ifxetex conditional
)
\Gm@cnth=\count137
\Gm@cntv=\count138
\c@Gm@tempcnt=\count139
\Gm@bindingoffset=\dimen197
\Gm@wd@mp=\dimen198
\Gm@odd@mp=\dimen199
\Gm@even@mp=\dimen256
\Gm@layoutwidth=\dimen257
\Gm@layoutheight=\dimen258
\Gm@layouthoffset=\dimen259
\Gm@layoutvoffset=\dimen260
\Gm@dimlist=\toks50

("C:\Program Files\MiKTeX 2.9\tex/latex/geometry\geometry.cfg"))
("C:\Program Files\MiKTeX 2.9\tex/latex/makecell\makecell.sty"
Package: makecell 2009/08/03 V0.1e Managing of Tab Column Heads and Cells
\rotheadsize=\dimen261
\c@nlinenum=\count140
\TeXr@lab=\toks51
)
("C:\Program Files\MiKTeX 2.9\tex/latex/tools\afterpage.sty"
Package: afterpage 2014/10/28 v1.08 After-Page Package (DPC)
\AP@output=\toks52
\AP@partial=\box54
\AP@footins=\box55
)
\c@definicja=\count141
\c@twr=\count142
\c@mur=\count143
 ("model ruchu.aux"

LaTeX Warning: Label `fig:agent-srodowisko' multiply defined.


LaTeX Warning: Label `fig:ctm_przyklad' multiply defined.


LaTeX Warning: Label `fig:env_11' multiply defined.


LaTeX Warning: Label `fig:env_11' multiply defined.


LaTeX Warning: Label `fig:env_11' multiply defined.

)
\openout1 = `"model ruchu.aux"'.

LaTeX Font Info:    Checking defaults for OML/cmm/m/it on input line 69.
LaTeX Font Info:    ... okay on input line 69.
LaTeX Font Info:    Checking defaults for T1/cmr/m/n on input line 69.
LaTeX Font Info:    ... okay on input line 69.
LaTeX Font Info:    Checking defaults for OT1/cmr/m/n on input line 69.
LaTeX Font Info:    ... okay on input line 69.
LaTeX Font Info:    Checking defaults for OMS/cmsy/m/n on input line 69.
LaTeX Font Info:    ... okay on input line 69.
LaTeX Font Info:    Checking defaults for OMX/cmex/m/n on input line 69.
LaTeX Font Info:    ... okay on input line 69.
LaTeX Font Info:    Checking defaults for U/cmr/m/n on input line 69.
LaTeX Font Info:    ... okay on input line 69.
LaTeX Font Info:    Try loading font information for T1+lmr on input line 69.
 ("C:\Program Files\MiKTeX 2.9\tex/latex/lm\t1lmr.fd"
File: t1lmr.fd 2009/10/30 v1.6 Font defs for Latin Modern
)
("C:\Program Files\MiKTeX 2.9\tex/context/base/mkii\supp-pdf.mkii"
[Loading MPS to PDF converter (version 2006.09.02).]
\scratchcounter=\count144
\scratchdimen=\dimen262
\scratchbox=\box56
\nofMPsegments=\count145
\nofMParguments=\count146
\everyMPshowfont=\toks53
\MPscratchCnt=\count147
\MPscratchDim=\dimen263
\MPnumerator=\count148
\makeMPintoPDFobject=\count149
\everyMPtoPDFconversion=\toks54
) ("C:\Program Files\MiKTeX 2.9\tex/latex/oberdiek\epstopdf-base.sty"
Package: epstopdf-base 2016/05/15 v2.6 Base part for package epstopdf

("C:\Program Files\MiKTeX 2.9\tex/generic/oberdiek\infwarerr.sty"
Package: infwarerr 2016/05/16 v1.4 Providing info/warning/error messages (HO)
)
("C:\Program Files\MiKTeX 2.9\tex/latex/oberdiek\grfext.sty"
Package: grfext 2016/05/16 v1.2 Manage graphics extensions (HO)

("C:\Program Files\MiKTeX 2.9\tex/generic/oberdiek\kvdefinekeys.sty"
Package: kvdefinekeys 2016/05/16 v1.4 Define keys (HO)

("C:\Program Files\MiKTeX 2.9\tex/generic/oberdiek\ltxcmds.sty"
Package: ltxcmds 2016/05/16 v1.23 LaTeX kernel commands for general use (HO)
)))
("C:\Program Files\MiKTeX 2.9\tex/latex/oberdiek\kvoptions.sty"
Package: kvoptions 2016/05/16 v3.12 Key value format for package options (HO)

("C:\Program Files\MiKTeX 2.9\tex/generic/oberdiek\kvsetkeys.sty"
Package: kvsetkeys 2016/05/16 v1.17 Key value parser (HO)

("C:\Program Files\MiKTeX 2.9\tex/generic/oberdiek\etexcmds.sty"
Package: etexcmds 2016/05/16 v1.6 Avoid name clashes with e-TeX commands (HO)

("C:\Program Files\MiKTeX 2.9\tex/generic/oberdiek\ifluatex.sty"
Package: ifluatex 2016/05/16 v1.4 Provides the ifluatex switch (HO)
Package ifluatex Info: LuaTeX not detected.
))))
("C:\Program Files\MiKTeX 2.9\tex/generic/oberdiek\pdftexcmds.sty"
Package: pdftexcmds 2018/09/10 v0.29 Utility functions of pdfTeX for LuaTeX (HO
)
Package pdftexcmds Info: LuaTeX not detected.
Package pdftexcmds Info: \pdf@primitive is available.
Package pdftexcmds Info: \pdf@ifprimitive is available.
Package pdftexcmds Info: \pdfdraftmode found.
)
Package epstopdf-base Info: Redefining graphics rule for `.eps' on input line 4
38.
Package grfext Info: Graphics extension search list:
(grfext)             [.pdf,.png,.jpg,.mps,.jpeg,.jbig2,.jb2,.PDF,.PNG,.JPG,.JPE
G,.JBIG2,.JB2,.eps]
(grfext)             \AppendGraphicsExtensions on input line 456.
)
ABD: EveryShipout initializing macros
*geometry* driver: auto-detecting
*geometry* detected driver: pdftex
*geometry* verbose mode - [ preamble ] result:
* driver: pdftex
* paper: <default>
* layout: <same size as paper>
* layoutoffset:(h,v)=(0.0pt,0.0pt)
* modes: twoside 
* h-part:(L,W,R)=(71.13188pt, 472.03123pt, 71.13188pt)
* v-part:(T,H,B)=(71.13188pt, 652.70622pt, 71.13188pt)
* \paperwidth=614.295pt
* \paperheight=794.96999pt
* \textwidth=472.03123pt
* \textheight=652.70622pt
* \oddsidemargin=-1.1381pt
* \evensidemargin=-1.1381pt
* \topmargin=-33.0119pt
* \headheight=12.0pt
* \headsep=19.8738pt
* \topskip=12.0pt
* \footskip=30.0pt
* \marginparwidth=98.0pt
* \marginparsep=7.0pt
* \columnsep=10.0pt
* \skip\footins=10.8pt plus 4.0pt minus 2.0pt
* \hoffset=0.0pt
* \voffset=0.0pt
* \mag=1000
* \@twocolumnfalse
* \@twosidetrue
* \@mparswitchtrue
* \@reversemarginfalse
* (1in=72.27pt=25.4mm, 1cm=28.453pt)

[0


]
Rozdzia\l  1.
LaTeX Font Info:    Try loading font information for OT1+lmr on input line 88.
("C:\Program Files\MiKTeX 2.9\tex/latex/lm\ot1lmr.fd"
File: ot1lmr.fd 2009/10/30 v1.6 Font defs for Latin Modern
)
LaTeX Font Info:    Try loading font information for OML+lmm on input line 88.

("C:\Program Files\MiKTeX 2.9\tex/latex/lm\omllmm.fd"
File: omllmm.fd 2009/10/30 v1.6 Font defs for Latin Modern
)
LaTeX Font Info:    Try loading font information for OMS+lmsy on input line 88.


("C:\Program Files\MiKTeX 2.9\tex/latex/lm\omslmsy.fd"
File: omslmsy.fd 2009/10/30 v1.6 Font defs for Latin Modern
)
LaTeX Font Info:    Try loading font information for OMX+lmex on input line 88.


("C:\Program Files\MiKTeX 2.9\tex/latex/lm\omxlmex.fd"
File: omxlmex.fd 2009/10/30 v1.6 Font defs for Latin Modern
)
LaTeX Font Info:    External font `lmex10' loaded for size
(Font)              <12> on input line 88.
LaTeX Font Info:    External font `lmex10' loaded for size
(Font)              <8> on input line 88.
LaTeX Font Info:    External font `lmex10' loaded for size
(Font)              <6> on input line 88.
 [1{C:/Users/KOMPUTER/AppData/Local/MiKTeX/2.9/pdftex/config/pdftex.map}] [2]
Rozdzia\l  2.
<liczbaPojazdowSwiat.png, id=21, 534.49687pt x 325.96782pt>
File: liczbaPojazdowSwiat.png Graphic file (type png)
<use liczbaPojazdowSwiat.png>
Package pdftex.def Info: liczbaPojazdowSwiat.png  used on input line 131.
(pdftex.def)             Requested size: 398.33858pt x 242.93832pt.
[3

 <./liczbaPojazdowSwiat.png>] [4]
Rozdzia\l  3.
[5

] [6

]
Rozdzia\l  4.
[7]
<agent-srodowisko.png, id=39, 493.845pt x 289.83281pt>
File: agent-srodowisko.png Graphic file (type png)
<use agent-srodowisko.png>
Package pdftex.def Info: agent-srodowisko.png  used on input line 166.
(pdftex.def)             Requested size: 398.33858pt x 233.77707pt.
 [8 <./agent-srodowisko.png>]
Underfull \hbox (badness 10000) in paragraph at lines 186--187

 []

<rewards-graph.png, id=43, 545.03625pt x 93.34875pt>
File: rewards-graph.png Graphic file (type png)
<use rewards-graph.png>
Package pdftex.def Info: rewards-graph.png  used on input line 196.
(pdftex.def)             Requested size: 398.33858pt x 68.22377pt.

Underfull \hbox (badness 10000) in paragraph at lines 193--199

 []

[9]
Underfull \hbox (badness 10000) in paragraph at lines 203--210

 []

[10 <./rewards-graph.png>]
<images/mountain_car.png, id=53, 292.09125pt x 195.73125pt>
File: images/mountain_car.png Graphic file (type png)
<use images/mountain_car.png>
Package pdftex.def Info: images/mountain_car.png  used on input line 222.
(pdftex.def)             Requested size: 284.52756pt x 190.68039pt.
LaTeX Font Info:    External font `lmex10' loaded for size
(Font)              <14.4> on input line 226.
LaTeX Font Info:    External font `lmex10' loaded for size
(Font)              <10> on input line 226.
LaTeX Font Info:    External font `lmex10' loaded for size
(Font)              <7> on input line 226.
 [11 <./images/mountain_car.png>] [12]
Underfull \hbox (badness 10000) in paragraph at lines 260--262

 []

[13] [14]
Rozdzia\l  5.
[15

]
Underfull \hbox (badness 10000) in paragraph at lines 285--286

 []


Underfull \hbox (badness 10000) in paragraph at lines 305--306

 []

<images/CTM_flow_example.png, id=76, 727.96968pt x 264.99pt>
File: images/CTM_flow_example.png Graphic file (type png)
<use images/CTM_flow_example.png>
Package pdftex.def Info: images/CTM_flow_example.png  used on input line 316.
(pdftex.def)             Requested size: 398.33858pt x 145.005pt.
[16]
LaTeX Font Info:    Try loading font information for OMS+lmr on input line 325.

 ("C:\Program Files\MiKTeX 2.9\tex/latex/lm\omslmr.fd"
File: omslmr.fd 2009/10/30 v1.6 Font defs for Latin Modern
)
LaTeX Font Info:    Font shape `OMS/lmr/m/n' in size <12> not available
(Font)              Font shape `OMS/lmsy/m/n' tried instead on input line 325.
 [17 <./images/CTM_flow_example.png>]
<images/ctm_przyklad.png, id=84, 604.50844pt x 356.0803pt>
File: images/ctm_przyklad.png Graphic file (type png)
<use images/ctm_przyklad.png>
Package pdftex.def Info: images/ctm_przyklad.png  used on input line 370.
(pdftex.def)             Requested size: 398.33858pt x 234.63882pt.
 [18] [19 <./images/ctm_przyklad.png>]
<images/env_11_perc_italic.png, id=93, 368.1253pt x 251.43938pt>
File: images/env_11_perc_italic.png Graphic file (type png)
<use images/env_11_perc_italic.png>
Package pdftex.def Info: images/env_11_perc_italic.png  used on input line 408.

(pdftex.def)             Requested size: 369.88582pt x 252.66263pt.
 [20] [21 <./images/env_11_perc_italic.png>]
<images/env_11_743015_procenty.png, id=101, 305.64188pt x 204.01219pt>
File: images/env_11_743015_procenty.png Graphic file (type png)
<use images/env_11_743015_procenty.png>
Package pdftex.def Info: images/env_11_743015_procenty.png  used on input line 
464.
(pdftex.def)             Requested size: 199.16928pt x 132.94255pt.
 [22 <./images/env_11_743015_procenty.png>]
<images/env_11_743015_przeplyw.png, id=106, 444.91219pt x 347.04657pt>
File: images/env_11_743015_przeplyw.png Graphic file (type png)
<use images/env_11_743015_przeplyw.png>
Package pdftex.def Info: images/env_11_743015_przeplyw.png  used on input line 
515.
(pdftex.def)             Requested size: 284.52756pt x 221.93958pt.
<images/env_11_431331_procenty.png, id=107, 295.85532pt x 198.7425pt>
File: images/env_11_431331_procenty.png Graphic file (type png)
<use images/env_11_431331_procenty.png>
Package pdftex.def Info: images/env_11_431331_procenty.png  used on input line 
517.
(pdftex.def)             Requested size: 284.52756pt x 191.13936pt.

Underfull \hbox (badness 10000) in paragraph at lines 501--522

 []


Underfull \hbox (badness 10000) in paragraph at lines 501--522

 []

[23 <./images/env_11_743015_przeplyw.png> <./images/env_11_431331_procenty.png>
] [24]
Rozdzia\l  6.
<images/1_droga_4_odcinki.png, id=117, 522.45187pt x 82.05656pt>
File: images/1_droga_4_odcinki.png Graphic file (type png)
<use images/1_droga_4_odcinki.png>
Package pdftex.def Info: images/1_droga_4_odcinki.png  used on input line 553.
(pdftex.def)             Requested size: 398.33858pt x 62.56395pt.
[25

] [26 <./images/1_droga_4_odcinki.png>]
<images/env_11_italic_no_perc.png, id=125, 368.1253pt x 251.43938pt>
File: images/env_11_italic_no_perc.png Graphic file (type png)
<use images/env_11_italic_no_perc.png>
Package pdftex.def Info: images/env_11_italic_no_perc.png  used on input line 6
64.
(pdftex.def)             Requested size: 284.52756pt x 194.35321pt.
 [27 <./images/env_11_italic_no_perc.png>]
<images/env_11_743015.png, id=130, 292.84406pt x 197.23688pt>
File: images/env_11_743015.png Graphic file (type png)
<use images/env_11_743015.png>
Package pdftex.def Info: images/env_11_743015.png  used on input line 672.
(pdftex.def)             Requested size: 284.52756pt x 191.65358pt.
File: images/env_11_perc_italic.png Graphic file (type png)
<use images/env_11_perc_italic.png>
Package pdftex.def Info: images/env_11_perc_italic.png  used on input line 686.

(pdftex.def)             Requested size: 284.52756pt x 194.35321pt.
 [28 <./images/env_11_743015.png>] [29]
File: images/env_11_perc_italic.png Graphic file (type png)
<use images/env_11_perc_italic.png>
Package pdftex.def Info: images/env_11_perc_italic.png  used on input line 745.

(pdftex.def)             Requested size: 199.16928pt x 136.03996pt.
File: images/env_11_743015_procenty.png Graphic file (type png)
<use images/env_11_743015_procenty.png>
Package pdftex.def Info: images/env_11_743015_procenty.png  used on input line 
745.
(pdftex.def)             Requested size: 199.16928pt x 132.94255pt.

Underfull \hbox (badness 10000) in paragraph at lines 736--749

 []


Underfull \hbox (badness 10000) in paragraph at lines 736--749

 []

[30]
File: images/env_11_743015_procenty.png Graphic file (type png)
<use images/env_11_743015_procenty.png>
Package pdftex.def Info: images/env_11_743015_procenty.png  used on input line 
807.
(pdftex.def)             Requested size: 199.16928pt x 132.94255pt.
File: images/env_11_431331_procenty.png Graphic file (type png)
<use images/env_11_431331_procenty.png>
Package pdftex.def Info: images/env_11_431331_procenty.png  used on input line 
807.
(pdftex.def)             Requested size: 199.16928pt x 133.79665pt.
<images/env_11_04u1u3_procenty.png, id=142, 357.58594pt x 239.39438pt>
File: images/env_11_04u1u3_procenty.png Graphic file (type png)
<use images/env_11_04u1u3_procenty.png>
Package pdftex.def Info: images/env_11_04u1u3_procenty.png  used on input line 
807.
(pdftex.def)             Requested size: 199.16928pt x 133.34032pt.
<images/env_11_000602_procenty.png, id=143, 244.66406pt x 165.61874pt>
File: images/env_11_000602_procenty.png Graphic file (type png)
<use images/env_11_000602_procenty.png>
Package pdftex.def Info: images/env_11_000602_procenty.png  used on input line 
807.
(pdftex.def)             Requested size: 199.16928pt x 134.82518pt.
 [31] [32 <./images/env_11_04u1u3_procenty.png> <./images/env_11_000602_procent
y.png>]
<images/env_11_faza_0_procenty_italic.png, id=152, 310.15875pt x 205.5178pt>
File: images/env_11_faza_0_procenty_italic.png Graphic file (type png)
<use images/env_11_faza_0_procenty_italic.png>
Package pdftex.def Info: images/env_11_faza_0_procenty_italic.png  used on inpu
t line 831.
(pdftex.def)             Requested size: 284.52756pt x 188.53302pt.

Underfull \hbox (badness 10000) in paragraph at lines 828--834

 []

[33 <./images/env_11_faza_0_procenty_italic.png>]
<images/env_11_lights_0_943015_procenty.png, id=157, 215.30438pt x 145.29282pt>

File: images/env_11_lights_0_943015_procenty.png Graphic file (type png)
<use images/env_11_lights_0_943015_procenty.png>
Package pdftex.def Info: images/env_11_lights_0_943015_procenty.png  used on in
put line 935.
(pdftex.def)             Requested size: 199.16928pt x 134.40704pt.
<images/env_11_lights_0_0121301_procenty.png, id=158, 217.5628pt x 145.29282pt>

File: images/env_11_lights_0_0121301_procenty.png Graphic file (type png)
<use images/env_11_lights_0_0121301_procenty.png>
Package pdftex.def Info: images/env_11_lights_0_0121301_procenty.png  used on i
nput line 935.
(pdftex.def)             Requested size: 199.16928pt x 133.01698pt.
<images/env_11_lights_01_093100_procenty.png, id=159, 226.59656pt x 145.29282pt
>
File: images/env_11_lights_01_093100_procenty.png Graphic file (type png)
<use images/env_11_lights_01_093100_procenty.png>
Package pdftex.def Info: images/env_11_lights_01_093100_procenty.png  used on i
nput line 935.
(pdftex.def)             Requested size: 199.16928pt x 127.7073pt.
<images/env_11_lights_koncowe_procenty.png, id=160, 209.28188pt x 142.28156pt>
File: images/env_11_lights_koncowe_procenty.png Graphic file (type png)
<use images/env_11_lights_koncowe_procenty.png>
Package pdftex.def Info: images/env_11_lights_koncowe_procenty.png  used on inp
ut line 935.
(pdftex.def)             Requested size: 199.16928pt x 135.40552pt.
 [34] [35 <./images/env_11_lights_0_943015_procenty.png> <./images/env_11_light
s_0_0121301_procenty.png> <./images/env_11_lights_01_093100_procenty.png> <./im
ages/env_11_lights_koncowe_procenty.png>] [36]
<images/netx.png, id=175, 295.1025pt x 297.36093pt>
File: images/netx.png Graphic file (type png)
<use images/netx.png>
Package pdftex.def Info: images/netx.png  used on input line 966.
(pdftex.def)             Requested size: 284.52756pt x 286.71101pt.
<images/netx_faza_0.png, id=176, 297.36093pt x 301.125pt>
File: images/netx_faza_0.png Graphic file (type png)
<use images/netx_faza_0.png>
Package pdftex.def Info: images/netx_faza_0.png  used on input line 977.
(pdftex.def)             Requested size: 168.59001pt x 170.71652pt.
<images/netx_faza_0_n.png, id=177, 295.85532pt x 300.3722pt>
File: images/netx_faza_0_n.png Graphic file (type png)
<use images/netx_faza_0_n.png>
Package pdftex.def Info: images/netx_faza_0_n.png  used on input line 977.
(pdftex.def)             Requested size: 168.15172pt x 170.71652pt.
<images/netx_faza_1.png, id=178, 289.83281pt x 300.3722pt>
File: images/netx_faza_1.png Graphic file (type png)
<use images/netx_faza_1.png>
Package pdftex.def Info: images/netx_faza_1.png  used on input line 979.
(pdftex.def)             Requested size: 164.72878pt x 170.71652pt.
<images/netx_faza_1_n.png, id=179, 292.09125pt x 295.1025pt>
File: images/netx_faza_1_n.png Graphic file (type png)
<use images/netx_faza_1_n.png>
Package pdftex.def Info: images/netx_faza_1_n.png  used on input line 979.
(pdftex.def)             Requested size: 168.97624pt x 170.71652pt.
<images/netx_faza_3.png, id=180, 295.85532pt x 298.86656pt>
File: images/netx_faza_3.png Graphic file (type png)
<use images/netx_faza_3.png>
Package pdftex.def Info: images/netx_faza_3.png  used on input line 981.
(pdftex.def)             Requested size: 168.99591pt x 170.71652pt.
<images/netx_faza_2_n.png, id=181, 301.125pt x 296.60812pt>
File: images/netx_faza_2_n.png Graphic file (type png)
<use images/netx_faza_2_n.png>
Package pdftex.def Info: images/netx_faza_2_n.png  used on input line 981.
(pdftex.def)             Requested size: 173.32011pt x 170.71652pt.
 [37 <./images/netx.png>] [38 <./images/netx_faza_0.png> <./images/netx_faza_0_
n.png> <./images/netx_faza_1.png> <./images/netx_faza_1_n.png> <./images/netx_f
aza_3.png> <./images/netx_faza_2_n.png>]
<images/env_12_italic2.png, id=195, 257.46187pt x 172.39406pt>
File: images/env_12_italic2.png Graphic file (type png)
<use images/env_12_italic2.png>
Package pdftex.def Info: images/env_12_italic2.png  used on input line 996.
(pdftex.def)             Requested size: 227.62204pt x 152.41747pt.

Underfull \hbox (badness 10000) in paragraph at lines 1009--1012

 []

<images/env_12_t0.png, id=196, 274.77657pt x 179.16937pt>
File: images/env_12_t0.png Graphic file (type png)
<use images/env_12_t0.png>
Package pdftex.def Info: images/env_12_t0.png  used on input line 1050.
(pdftex.def)             Requested size: 142.26378pt x 92.76672pt.
<images/env_12_t1.png, id=197, 226.59656pt x 148.30406pt>
File: images/env_12_t1.png Graphic file (type png)
<use images/env_12_t1.png>
Package pdftex.def Info: images/env_12_t1.png  used on input line 1050.
(pdftex.def)             Requested size: 142.26378pt x 93.10843pt.
<images/env_12_t2.png, id=198, 210.03468pt x 132.495pt>
File: images/env_12_t2.png Graphic file (type png)
<use images/env_12_t2.png>
Package pdftex.def Info: images/env_12_t2.png  used on input line 1050.
(pdftex.def)             Requested size: 142.26378pt x 89.7436pt.
<images/env_12_t3.png, id=199, 211.54031pt x 130.23656pt>
File: images/env_12_t3.png Graphic file (type png)
<use images/env_12_t3.png>
Package pdftex.def Info: images/env_12_t3.png  used on input line 1050.
(pdftex.def)             Requested size: 142.26378pt x 87.58792pt.
[39 <./images/env_12_italic2.png>] [40 <./images/env_12_t0.png> <./images/env_1
2_t1.png> <./images/env_12_t2.png> <./images/env_12_t3.png>]
Rozdzia\l  7.
File: images/env_11_perc_italic.png Graphic file (type png)
<use images/env_11_perc_italic.png>
Package pdftex.def Info: images/env_11_perc_italic.png  used on input line 1073
.
(pdftex.def)             Requested size: 284.52756pt x 194.35321pt.
[41

]
<images/env_11_fazy_procenty_no_yellow_italic2.png, id=214, 579.66562pt x 202.5
0656pt>
File: images/env_11_fazy_procenty_no_yellow_italic2.png Graphic file (type png)

<use images/env_11_fazy_procenty_no_yellow_italic2.png>
Package pdftex.def Info: images/env_11_fazy_procenty_no_yellow_italic2.png  use
d on input line 1081.
(pdftex.def)             Requested size: 483.69684pt x 168.97957pt.

Overfull \hbox (11.6656pt too wide) in paragraph at lines 1081--1083
 [][] 
 []

[42 <./images/env_11_fazy_procenty_no_yellow_italic2.png>] [43]
Overfull \hbox (49.38824pt too wide) in paragraph at lines 1116--1117
[]\T1/lmr/m/n/12 Optymalizacja jest prze-pro-wa-dzana przez me-tod¦ Adam [28] z
 pa-ra-me-trem $\OML/lmm/m/it/12 learning[]rate \OT1/lmr/m/n/12 =
 []

<images/env_14_italic2.png, id=223, 295.1025pt x 151.3153pt>
File: images/env_14_italic2.png Graphic file (type png)
<use images/env_14_italic2.png>
Package pdftex.def Info: images/env_14_italic2.png  used on input line 1130.
(pdftex.def)             Requested size: 284.52756pt x 145.89597pt.
<images/env_14_fazy_italic3.png, id=224, 724.95844pt x 134.75343pt>
File: images/env_14_fazy_italic3.png Graphic file (type png)
<use images/env_14_fazy_italic3.png>
Package pdftex.def Info: images/env_14_fazy_italic3.png  used on input line 113
8.
(pdftex.def)             Requested size: 483.69684pt x 89.9101pt.

Overfull \hbox (11.6656pt too wide) in paragraph at lines 1138--1140
 [][] 
 []

[44 <./images/env_14_italic2.png>]
<images/env_14_akcje_italic.png, id=229, 669.2503pt x 465.99094pt>
File: images/env_14_akcje_italic.png Graphic file (type png)
<use images/env_14_akcje_italic.png>
Package pdftex.def Info: images/env_14_akcje_italic.png  used on input line 114
8.
(pdftex.def)             Requested size: 455.24408pt x 316.99051pt.
 [45 <./images/env_14_fazy_italic3.png> <./images/env_14_akcje_italic.png>] [46
]
Overfull \hbox (49.38824pt too wide) in paragraph at lines 1184--1185
[]\T1/lmr/m/n/12 Optymalizacja jest prze-pro-wa-dzana przez me-tod¦ Adam [28] z
 pa-ra-me-trem $\OML/lmm/m/it/12 learning[]rate \OT1/lmr/m/n/12 =
 []

<images/env_4_agenci_italic_no_perc.png, id=238, 509.65407pt x 474.27188pt>
File: images/env_4_agenci_italic_no_perc.png Graphic file (type png)
<use images/env_4_agenci_italic_no_perc.png>
Package pdftex.def Info: images/env_4_agenci_italic_no_perc.png  used on input 
line 1196.
(pdftex.def)             Requested size: 341.43306pt x 317.74603pt.
[47]
<env_4_fazy.png, id=242, 722.7pt x 542.025pt>
File: env_4_fazy.png Graphic file (type png)
<use env_4_fazy.png>
Package pdftex.def Info: env_4_fazy.png  used on input line 1208.
(pdftex.def)             Requested size: 398.33858pt x 298.7515pt.
 [48 <./images/env_4_agenci_italic_no_perc.png>]
<images/env_14_akcje_agent0_tabela.png, id=248, 490.83376pt x 579.66562pt>
File: images/env_14_akcje_agent0_tabela.png Graphic file (type png)
<use images/env_14_akcje_agent0_tabela.png>
Package pdftex.def Info: images/env_14_akcje_agent0_tabela.png  used on input l
ine 1216.
(pdftex.def)             Requested size: 398.33858pt x 470.44646pt.
 [49 <./env_4_fazy.png>]
[50 <./images/env_14_akcje_agent0_tabela.png>]
<images/srodowisko_3_przeplywy_italic.png, id=257, 507.39563pt x 456.20438pt>
File: images/srodowisko_3_przeplywy_italic.png Graphic file (type png)
<use images/srodowisko_3_przeplywy_italic.png>
Package pdftex.def Info: images/srodowisko_3_przeplywy_italic.png  used on inpu
t line 1230.
(pdftex.def)             Requested size: 398.33858pt x 358.16298pt.
 [51 <./images/srodowisko_3_przeplywy_italic.png>]
Overfull \hbox (49.38824pt too wide) in paragraph at lines 1258--1259
[]\T1/lmr/m/n/12 Optymalizacja jest prze-pro-wa-dzana przez me-tod¦ Adam [28] z
 pa-ra-me-trem $\OML/lmm/m/it/12 learning[]rate \OT1/lmr/m/n/12 =
 []

<images/env_poli_italic2.png, id=262, 670.75594pt x 879.285pt>
File: images/env_poli_italic2.png Graphic file (type png)
<use images/env_poli_italic2.png>
Package pdftex.def Info: images/env_poli_italic2.png  used on input line 1267.
(pdftex.def)             Requested size: 341.43306pt x 447.57076pt.
[52]
<images/env_poli_faza_0_wol.png, id=266, 194.97844pt x 255.20343pt>
File: images/env_poli_faza_0_wol.png Graphic file (type png)
<use images/env_poli_faza_0_wol.png>
Package pdftex.def Info: images/env_poli_faza_0_wol.png  used on input line 128
4.
(pdftex.def)             Requested size: 86.95404pt x 113.81102pt.
<images/env_poli_faza_0_pozostale.png, id=267, 219.82124pt x 219.06844pt>
File: images/env_poli_faza_0_pozostale.png Graphic file (type png)
<use images/env_poli_faza_0_pozostale.png>
Package pdftex.def Info: images/env_poli_faza_0_pozostale.png  used on input li
ne 1284.
(pdftex.def)             Requested size: 114.2037pt x 113.81102pt.
<images/env_poli_faza_1_wol.png, id=268, 185.94469pt x 245.41687pt>
File: images/env_poli_faza_1_wol.png Graphic file (type png)
<use images/env_poli_faza_1_wol.png>
Package pdftex.def Info: images/env_poli_faza_1_wol.png  used on input line 128
7.
(pdftex.def)             Requested size: 86.23071pt x 113.81102pt.
<images/env_poli_faza_1_pozostale.png, id=269, 228.855pt x 230.36063pt>
File: images/env_poli_faza_1_pozostale.png Graphic file (type png)
<use images/env_poli_faza_1_pozostale.png>
Package pdftex.def Info: images/env_poli_faza_1_pozostale.png  used on input li
ne 1287.
(pdftex.def)             Requested size: 113.0653pt x 113.81102pt.
<images/env_poli_faza_2_wol.png, id=270, 166.37157pt x 237.13594pt>
File: images/env_poli_faza_2_wol.png Graphic file (type png)
<use images/env_poli_faza_2_wol.png>
Package pdftex.def Info: images/env_poli_faza_2_wol.png  used on input line 129
0.
(pdftex.def)             Requested size: 79.84727pt x 113.81102pt.
<images/env_poli_faza_2_pozostale.png, id=271, 217.5628pt x 214.55156pt>
File: images/env_poli_faza_2_pozostale.png Graphic file (type png)
<use images/env_poli_faza_2_pozostale.png>
Package pdftex.def Info: images/env_poli_faza_2_pozostale.png  used on input li
ne 1290.
(pdftex.def)             Requested size: 115.40732pt x 113.81102pt.
<images/env_poli_faza_3_wol.png, id=272, 178.41656pt x 243.15843pt>
File: images/env_poli_faza_3_wol.png Graphic file (type png)
<use images/env_poli_faza_3_wol.png>
Package pdftex.def Info: images/env_poli_faza_3_wol.png  used on input line 129
3.
(pdftex.def)             Requested size: 83.50731pt x 113.81102pt.
<images/env_poli_faza_3_pozostale.png, id=273, 219.82124pt x 217.5628pt>
File: images/env_poli_faza_3_pozostale.png Graphic file (type png)
<use images/env_poli_faza_3_pozostale.png>
Package pdftex.def Info: images/env_poli_faza_3_pozostale.png  used on input li
ne 1293.
(pdftex.def)             Requested size: 114.9953pt x 113.81102pt.
<images/env_poli_faza_zolte_wol.png, id=274, 97.11281pt x 127.22531pt>
File: images/env_poli_faza_zolte_wol.png Graphic file (type png)
<use images/env_poli_faza_zolte_wol.png>
Package pdftex.def Info: images/env_poli_faza_zolte_wol.png  used on input line
 1296.
(pdftex.def)             Requested size: 86.87762pt x 113.81102pt.
<images/env_poli_faza_zolte_pozostale.png, id=275, 110.66344pt x 110.66344pt>
File: images/env_poli_faza_zolte_pozostale.png Graphic file (type png)
<use images/env_poli_faza_zolte_pozostale.png>
Package pdftex.def Info: images/env_poli_faza_zolte_pozostale.png  used on inpu
t line 1296.
(pdftex.def)             Requested size: 113.81741pt x 113.81102pt.
 [53 <./images/env_poli_italic2.png>] [54]
Overfull \vbox (9.24858pt too high) has occurred while \output is active []


[55 <./images/env_poli_faza_0_wol.png> <./images/env_poli_faza_0_pozostale.png>
 <./images/env_poli_faza_1_wol.png> <./images/env_poli_faza_1_pozostale.png> <.
/images/env_poli_faza_2_wol.png> <./images/env_poli_faza_2_pozostale.png> <./im
ages/env_poli_faza_3_wol.png> <./images/env_poli_faza_3_pozostale.png> <./image
s/env_poli_faza_zolte_wol.png> <./images/env_poli_faza_zolte_pozostale.png>]
LaTeX Font Info:    External font `lmex10' loaded for size
(Font)              <5> on input line 1323.

[56]
<images/poli_wyniki/plot_cars_in.png, id=300, 465.99094pt x 365.86688pt>
File: images/poli_wyniki/plot_cars_in.png Graphic file (type png)
<use images/poli_wyniki/plot_cars_in.png>
Package pdftex.def Info: images/poli_wyniki/plot_cars_in.png  used on input lin
e 1339.
(pdftex.def)             Requested size: 398.33858pt x 312.7636pt.
 [57]
<images/poli_wyniki/plot_cars_out_percentage_no_title.png, id=308, 475.7775pt x
 330.48468pt>
File: images/poli_wyniki/plot_cars_out_percentage_no_title.png Graphic file (ty
pe png)
<use images/poli_wyniki/plot_cars_out_percentage_no_title.png>
Package pdftex.def Info: images/poli_wyniki/plot_cars_out_percentage_no_title.p
ng  used on input line 1346.
(pdftex.def)             Requested size: 384.1122pt x 266.82376pt.
<images/poli_wyniki/plot_cars_out_no_title.png, id=309, 477.28313pt x 330.48468
pt>
File: images/poli_wyniki/plot_cars_out_no_title.png Graphic file (type png)
<use images/poli_wyniki/plot_cars_out_no_title.png>
Package pdftex.def Info: images/poli_wyniki/plot_cars_out_no_title.png  used on
 input line 1353.
(pdftex.def)             Requested size: 384.1122pt x 265.96649pt.
 [58 <./images/poli_wyniki/plot_cars_in.png>] [59 <./images/poli_wyniki/plot_ca
rs_out_percentage_no_title.png> <./images/poli_wyniki/plot_cars_out_no_title.pn
g>]
<images/poli_wyniki/losses_no_title.png, id=319, 481.8pt x 361.35pt>
File: images/poli_wyniki/losses_no_title.png Graphic file (type png)
<use images/poli_wyniki/losses_no_title.png>
Package pdftex.def Info: images/poli_wyniki/losses_no_title.png  used on input 
line 1361.
(pdftex.def)             Requested size: 398.33858pt x 298.76254pt.
 [60 <./images/poli_wyniki/losses_no_title.png>]
Rozdzia\l  8.
[61

] ("model ruchu.bbl" [62]
LaTeX Font Info:    Try loading font information for T1+lmtt on input line 14.

("C:\Program Files\MiKTeX 2.9\tex/latex/lm\t1lmtt.fd"
File: t1lmtt.fd 2009/10/30 v1.6 Font defs for Latin Modern
)
Underfull \hbox (badness 1748) in paragraph at lines 18--21
[]\T1/lmr/m/n/12 polskawliczbach.pl, ``Sa-mo-chody oso-bowe w pol-sce w la-tach
 2003-2016 (¹ró-dªo:
 []


Underfull \hbox (badness 6758) in paragraph at lines 23--26
[]\T1/lmr/m/n/12 TomTom, ``Tom-tom traf-fic in-dex me-asu-ring con-ge-stion wor
l-dwide).'' $\T1/lmtt/m/n/12 https :
 []


Underfull \hbox (badness 10000) in paragraph at lines 23--26
\T1/lmtt/m/n/12 / / www . tomtom . com / en _ gb / trafficindex / list ? citySi
ze = ALL & continent = ALL &
 []

[63

]
Underfull \hbox (badness 10000) in paragraph at lines 77--81
[]\T1/lmr/m/n/12 T. Ma-tii-sen, ``https://neuro.cs.ut.ee/demystifying-deep-rein
forcement-learning/.''
 []


Underfull \hbox (badness 10000) in paragraph at lines 77--81
\T1/lmtt/m/n/12 https : / / neuro . cs . ut . ee / demystifying-[]deep-[]reinfo
rcement-[]learning/$\T1/lmr/m/n/12 , 2019
 []

[64]) [65] ("model ruchu.aux")

LaTeX Warning: There were multiply-defined labels.

 ) 
Here is how much of TeX's memory you used:
 16092 strings out of 492895
 300538 string characters out of 3133470
 395705 words of memory out of 3000000
 19541 multiletter control sequences out of 15000+200000
 100985 words of font info for 64 fonts, out of 3000000 for 9000
 1141 hyphenation exceptions out of 8191
 54i,20n,73p,1593b,457s stack positions out of 5000i,500n,10000p,200000b,50000s
{C:/Program Files/MiKTeX 2.9/fonts/enc/dvips/lm/lm-ec.enc}{C:/Program Files/M
iKTeX 2.9/fonts/enc/dvips/lm/lm-mathit.enc}{C:/Program Files/MiKTeX 2.9/fonts/e
nc/dvips/lm/lm-rm.enc}{C:/Program Files/MiKTeX 2.9/fonts/enc/dvips/lm/lm-mathsy
.enc}{C:/Program Files/MiKTeX 2.9/fonts/enc/dvips/lm/lm-mathex.enc}<C:/Program 
Files/MiKTeX 2.9/fonts/type1/public/lm/lmbx12.pfb><C:/Program Files/MiKTeX 2.9/
fonts/type1/public/lm/lmbx8.pfb><C:/Program Files/MiKTeX 2.9/fonts/type1/public
/lm/lmex10.pfb><C:/Program Files/MiKTeX 2.9/fonts/type1/public/lm/lmmi10.pfb><C
:/Program Files/MiKTeX 2.9/fonts/type1/public/lm/lmmi12.pfb><C:/Program Files/M
iKTeX 2.9/fonts/type1/public/lm/lmmi6.pfb><C:/Program Files/MiKTeX 2.9/fonts/ty
pe1/public/lm/lmmi8.pfb><C:/Program Files/MiKTeX 2.9/fonts/type1/public/lm/lmr1
0.pfb><C:/Program Files/MiKTeX 2.9/fonts/type1/public/lm/lmr12.pfb><C:/Program 
Files/MiKTeX 2.9/fonts/type1/public/lm/lmr6.pfb><C:/Program Files/MiKTeX 2.9/fo
nts/type1/public/lm/lmr7.pfb><C:/Program Files/MiKTeX 2.9/fonts/type1/public/lm
/lmr8.pfb><C:/Program Files/MiKTeX 2.9/fonts/type1/public/lm/lmri12.pfb><C:/Pro
gram Files/MiKTeX 2.9/fonts/type1/public/lm/lmro12.pfb><C:/Program Files/MiKTeX
 2.9/fonts/type1/public/lm/lmsy10.pfb><C:/Program Files/MiKTeX 2.9/fonts/type1/
public/lm/lmsy6.pfb><C:/Program Files/MiKTeX 2.9/fonts/type1/public/lm/lmsy8.pf
b><C:/Program Files/MiKTeX 2.9/fonts/type1/public/lm/lmtt12.pfb>
Output written on "model ruchu.pdf" (66 pages, 3691699 bytes).
PDF statistics:
 407 PDF objects out of 1000 (max. 8388607)
 0 named destinations out of 1000 (max. 500000)
 288 words of extra memory for PDF output out of 10000 (max. 10000000)

